<?xml version="1.0" encoding="UTF-8"?>
<testng-results ignored="0" total="2" passed="2" failed="0" skipped="0">
  <reporter-output>
  </reporter-output>
  <suite started-at="2022-01-22T13:19:00 IST" name="Default suite" finished-at="2022-01-22T13:19:16 IST" duration-ms="15505">
    <groups>
    </groups>
    <test started-at="2022-01-22T13:19:00 IST" name="Default test" finished-at="2022-01-22T13:19:16 IST" duration-ms="15505">
      <class name="ojt.ExtentReportsDemo">
        <test-method is-config="true" signature="setup()[pri:0, instance:ojt.ExtentReportsDemo@34bde49d]" started-at="2022-01-22T13:19:00 IST" name="setup" finished-at="2022-01-22T13:19:03 IST" duration-ms="2602" status="PASS">
          <reporter-output>
          </reporter-output>
        </test-method> <!-- setup -->
        <test-method signature="VerifyGmailTittle()[pri:0, instance:ojt.ExtentReportsDemo@34bde49d]" started-at="2022-01-22T13:19:03 IST" name="VerifyGmailTittle" finished-at="2022-01-22T13:19:08 IST" duration-ms="4662" status="PASS">
          <reporter-output>
          </reporter-output>
        </test-method> <!-- VerifyGmailTittle -->
        <test-method is-config="true" signature="teardown()[pri:0, instance:ojt.ExtentReportsDemo@34bde49d]" started-at="2022-01-22T13:19:08 IST" name="teardown" finished-at="2022-01-22T13:19:08 IST" duration-ms="680" status="PASS">
          <reporter-output>
          </reporter-output>
        </test-method> <!-- teardown -->
        <test-method is-config="true" signature="setup()[pri:0, instance:ojt.ExtentReportsDemo@34bde49d]" started-at="2022-01-22T13:19:08 IST" name="setup" finished-at="2022-01-22T13:19:10 IST" duration-ms="1110" status="PASS">
          <reporter-output>
          </reporter-output>
        </test-method> <!-- setup -->
        <test-method signature="VerifyGoogleTittle()[pri:0, instance:ojt.ExtentReportsDemo@34bde49d]" started-at="2022-01-22T13:19:10 IST" name="VerifyGoogleTittle" finished-at="2022-01-22T13:19:16 IST" duration-ms="6183" status="PASS">
          <reporter-output>
          </reporter-output>
        </test-method> <!-- VerifyGoogleTittle -->
        <test-method is-config="true" signature="teardown()[pri:0, instance:ojt.ExtentReportsDemo@34bde49d]" started-at="2022-01-22T13:19:16 IST" name="teardown" finished-at="2022-01-22T13:19:16 IST" duration-ms="221" status="PASS">
          <reporter-output>
          </reporter-output>
        </test-method> <!-- teardown -->
      </class> <!-- ojt.ExtentReportsDemo -->
    </test> <!-- Default test -->
  </suite> <!-- Default suite -->
</testng-results>
